PicoUnityXRSDK/launcher/build/intermediates/manifest_merge_blame_file/debug/manifest-merger-blame-debug-report.txt
1<?xml version="1.0" encoding="utf-8"?>
2<!-- GENERATED BY UNITY. REMOVE THIS COMMENT TO PREVENT OVERWRITING WHEN EXPORTING AGAIN -->
3<manifest xmlns:android="http://schemas.android.com/apk/res/android"
4    package="com.DefaultCompany.Group2XR"
5    android:installLocation="preferExternal"
6    android:versionCode="1"
7    android:versionName="0.1" >
8
9    <uses-sdk
10        android:minSdkVersion="26"
10-->src\main\AndroidManifest.xml
11        android:targetSdkVersion="30" />
11-->src\main\AndroidManifest.xml
12
13    <supports-screens
13-->src\main\AndroidManifest.xml:4:3-163
14        android:anyDensity="true"
14-->src\main\AndroidManifest.xml:4:135-160
15        android:largeScreens="true"
15-->src\main\AndroidManifest.xml:4:78-105
16        android:normalScreens="true"
16-->src\main\AndroidManifest.xml:4:49-77
17        android:smallScreens="true"
17-->src\main\AndroidManifest.xml:4:21-48
18        android:xlargeScreens="true" />
18-->src\main\AndroidManifest.xml:4:106-134
19
20    <uses-feature android:glEsVersion="0x00030000" />
20-->[:unityLibrary] AndroidManifest.xml:13:5-54
20-->[:unityLibrary] AndroidManifest.xml:13:19-51
21
22    <uses-permission android:name="android.permission.INTERNET" />
22-->[:unityLibrary] AndroidManifest.xml:15:5-67
22-->[:unityLibrary] AndroidManifest.xml:15:22-64
23    <uses-permission android:name="android.permission.WRITE_EXTERNAL_STORAGE" />
23-->[:unityLibrary] AndroidManifest.xml:16:5-81
23-->[:unityLibrary] AndroidManifest.xml:16:22-78
24
25    <uses-feature
25-->[:unityLibrary] AndroidManifest.xml:18:5-20:36
26        android:name="android.hardware.touchscreen"
26-->[:unityLibrary] AndroidManifest.xml:19:9-52
27        android:required="false" />
27-->[:unityLibrary] AndroidManifest.xml:20:9-33
28    <uses-feature
28-->[:unityLibrary] AndroidManifest.xml:21:5-23:36
29        android:name="android.hardware.touchscreen.multitouch"
29-->[:unityLibrary] AndroidManifest.xml:22:9-63
30        android:required="false" />
30-->[:unityLibrary] AndroidManifest.xml:23:9-33
31    <uses-feature
31-->[:unityLibrary] AndroidManifest.xml:24:5-26:36
32        android:name="android.hardware.touchscreen.multitouch.distinct"
32-->[:unityLibrary] AndroidManifest.xml:25:9-72
33        android:required="false" />
33-->[:unityLibrary] AndroidManifest.xml:26:9-33
34
35    <uses-permission android:name="android.permission.WRITE_SETTINGS" />
35-->[:unityLibrary] AndroidManifest.xml:28:5-73
35-->[:unityLibrary] AndroidManifest.xml:28:22-70
36    <uses-permission android:name="android.permission.READ_EXTERNAL_STORAGE" />
36-->[:unityLibrary] AndroidManifest.xml:29:5-80
36-->[:unityLibrary] AndroidManifest.xml:29:22-77
37    <uses-permission android:name="android.permission.REORDER_TASKS" />
37-->[:Pico_PaymentSDK_Android_V1.0.34:] AndroidManifest.xml:11:5-72
37-->[:Pico_PaymentSDK_Android_V1.0.34:] AndroidManifest.xml:11:22-69
38    <uses-permission android:name="android.permission.CHANGE_WIFI_STATE" />
38-->[:Pico_PaymentSDK_Android_V1.0.34:] AndroidManifest.xml:12:5-76
38-->[:Pico_PaymentSDK_Android_V1.0.34:] AndroidManifest.xml:12:22-73
39    <uses-permission android:name="android.permission.ACCESS_NETWORK_STATE" />
39-->[:Pico_PaymentSDK_Android_V1.0.34:] AndroidManifest.xml:14:5-79
39-->[:Pico_PaymentSDK_Android_V1.0.34:] AndroidManifest.xml:14:22-76
40    <uses-permission android:name="android.permission.ACCESS_WIFI_STATE" />
40-->[:Pico_PaymentSDK_Android_V1.0.34:] AndroidManifest.xml:15:5-76
40-->[:Pico_PaymentSDK_Android_V1.0.34:] AndroidManifest.xml:15:22-73
41
42    <application
42-->src\main\AndroidManifest.xml:5:3-116
43        android:allowBackup="true"
43-->[:Pico_PaymentSDK_Android_V1.0.34:] AndroidManifest.xml:18:9-35
44        android:debuggable="true"
45        android:extractNativeLibs="true"
45-->src\main\AndroidManifest.xml:5:16-48
46        android:icon="@mipmap/app_icon"
46-->src\main\AndroidManifest.xml:5:82-113
47        android:label="@string/app_name"
47-->src\main\AndroidManifest.xml:5:49-81
48        android:requestLegacyExternalStorage="true"
48-->[:unityLibrary] AndroidManifest.xml:31:18-61
49        android:supportsRtl="true" >
49-->[:Pico_PaymentSDK_Android_V1.0.34:] AndroidManifest.xml:20:9-35
50        <activity
50-->[:unityLibrary] AndroidManifest.xml:32:9-52:20
51            android:name="com.unity3d.player.UnityPlayerActivity"
51-->[:unityLibrary] AndroidManifest.xml:33:13-66
52            android:configChanges="mcc|mnc|locale|touchscreen|keyboard|keyboardHidden|navigation|orientation|screenLayout|uiMode|screenSize|smallestScreenSize|fontScale|layoutDirection|density"
52-->[:unityLibrary] AndroidManifest.xml:34:13-194
53            android:hardwareAccelerated="false"
53-->[:unityLibrary] AndroidManifest.xml:35:13-48
54            android:launchMode="singleTask"
54-->[:unityLibrary] AndroidManifest.xml:36:13-44
55            android:resizeableActivity="false"
55-->[:unityLibrary] AndroidManifest.xml:37:13-47
56            android:screenOrientation="landscape"
56-->[:unityLibrary] AndroidManifest.xml:38:13-50
57            android:theme="@style/UnityThemeSelector" >
57-->[:unityLibrary] AndroidManifest.xml:39:13-54
58            <intent-filter>
58-->[:unityLibrary] AndroidManifest.xml:40:13-44:29
59                <action android:name="android.intent.action.MAIN" />
59-->[:unityLibrary] AndroidManifest.xml:41:17-69
59-->[:unityLibrary] AndroidManifest.xml:41:25-66
60
61                <category android:name="android.intent.category.LAUNCHER" />
61-->[:unityLibrary] AndroidManifest.xml:43:17-77
61-->[:unityLibrary] AndroidManifest.xml:43:27-74
62            </intent-filter>
63
64            <meta-data
64-->[:unityLibrary] AndroidManifest.xml:46:13-48:40
65                android:name="unityplayer.UnityActivity"
65-->[:unityLibrary] AndroidManifest.xml:47:17-57
66                android:value="true" />
66-->[:unityLibrary] AndroidManifest.xml:48:17-37
67            <meta-data
67-->[:unityLibrary] AndroidManifest.xml:49:13-51:40
68                android:name="android.notch_support"
68-->[:unityLibrary] AndroidManifest.xml:50:17-53
69                android:value="true" />
69-->[:unityLibrary] AndroidManifest.xml:51:17-37
70        </activity>
71
72        <meta-data
72-->[:unityLibrary] AndroidManifest.xml:54:9-56:33
73            android:name="unity.splash-mode"
73-->[:unityLibrary] AndroidManifest.xml:55:13-45
74            android:value="0" />
74-->[:unityLibrary] AndroidManifest.xml:56:13-30
75        <meta-data
75-->[:unityLibrary] AndroidManifest.xml:57:9-59:36
76            android:name="unity.splash-enable"
76-->[:unityLibrary] AndroidManifest.xml:58:13-47
77            android:value="True" />
77-->[:unityLibrary] AndroidManifest.xml:59:13-33
78        <meta-data
78-->[:unityLibrary] AndroidManifest.xml:60:9-62:36
79            android:name="unity.launch-fullscreen"
79-->[:unityLibrary] AndroidManifest.xml:61:13-51
80            android:value="True" />
80-->[:unityLibrary] AndroidManifest.xml:62:13-33
81        <meta-data
81-->[:unityLibrary] AndroidManifest.xml:63:9-65:37
82            android:name="unity.allow-resizable-window"
82-->[:unityLibrary] AndroidManifest.xml:64:13-56
83            android:value="False" />
83-->[:unityLibrary] AndroidManifest.xml:65:13-34
84        <meta-data
84-->[:unityLibrary] AndroidManifest.xml:66:9-68:50
85            android:name="notch.config"
85-->[:unityLibrary] AndroidManifest.xml:67:13-40
86            android:value="portrait|landscape" />
86-->[:unityLibrary] AndroidManifest.xml:68:13-47
87        <meta-data
87-->[:unityLibrary] AndroidManifest.xml:69:9-71:68
88            android:name="unity.build-id"
88-->[:unityLibrary] AndroidManifest.xml:70:13-42
89            android:value="ad9a4998-c46d-4879-b14d-895ab1a46ba9" />
89-->[:unityLibrary] AndroidManifest.xml:71:13-65
90        <meta-data
90-->[:unityLibrary] AndroidManifest.xml:72:9-74:34
91            android:name="pvr.app.type"
91-->[:unityLibrary] AndroidManifest.xml:73:13-40
92            android:value="vr" />
92-->[:unityLibrary] AndroidManifest.xml:74:13-31
93        <meta-data
93-->[:unityLibrary] AndroidManifest.xml:75:9-77:51
94            android:name="pvr.sdk.version"
94-->[:unityLibrary] AndroidManifest.xml:76:13-43
95            android:value="XR Platform_1.2.5.3" />
95-->[:unityLibrary] AndroidManifest.xml:77:13-48
96        <meta-data
96-->[:unityLibrary] AndroidManifest.xml:78:9-80:33
97            android:name="enable_cpt"
97-->[:unityLibrary] AndroidManifest.xml:79:13-38
98            android:value="0" />
98-->[:unityLibrary] AndroidManifest.xml:80:13-30
99        <meta-data
99-->[:unityLibrary] AndroidManifest.xml:81:9-83:33
100            android:name="enable_entitlementcheck"
100-->[:unityLibrary] AndroidManifest.xml:82:13-51
101            android:value="0" />
101-->[:unityLibrary] AndroidManifest.xml:83:13-30
102
103        <activity
103-->[:Pico_PaymentSDK_Android_V1.0.34:] AndroidManifest.xml:21:9-32:20
104            android:name="com.pico.loginpaysdk.auth.TransferStationActivity"
104-->[:Pico_PaymentSDK_Android_V1.0.34:] AndroidManifest.xml:22:13-77
105            android:excludeFromRecents="true"
105-->[:Pico_PaymentSDK_Android_V1.0.34:] AndroidManifest.xml:23:13-46
106            android:exported="true"
106-->[:Pico_PaymentSDK_Android_V1.0.34:] AndroidManifest.xml:24:13-36
107            android:launchMode="singleTask"
107-->[:Pico_PaymentSDK_Android_V1.0.34:] AndroidManifest.xml:25:13-44
108            android:theme="@android:style/Theme.Translucent.NoTitleBar" >
108-->[:Pico_PaymentSDK_Android_V1.0.34:] AndroidManifest.xml:26:13-72
109            <intent-filter>
109-->[:Pico_PaymentSDK_Android_V1.0.34:] AndroidManifest.xml:27:13-31:29
110                <action android:name="com.pico.loginpaysdk.intent.action.AuthCallback" />
110-->[:Pico_PaymentSDK_Android_V1.0.34:] AndroidManifest.xml:28:17-90
110-->[:Pico_PaymentSDK_Android_V1.0.34:] AndroidManifest.xml:28:25-87
111
112                <category android:name="android.intent.category.DEFAULT" />
112-->[:Pico_PaymentSDK_Android_V1.0.34:] AndroidManifest.xml:30:17-76
112-->[:Pico_PaymentSDK_Android_V1.0.34:] AndroidManifest.xml:30:27-73
113            </intent-filter>
114        </activity>
115    </application>
116
117</manifest>